<?xml version="1.0" encoding="UTF-8"?>
<testsuite xmlns:xsi="http://www.w3.org/2001/XMLSchema-instance" xsi:noNamespaceSchemaLocation="https://maven.apache.org/surefire/maven-surefire-plugin/xsd/surefire-test-report.xsd" name="com.bank.runner.CucumberTestRunner" time="15.135" tests="1" errors="0" skipped="0" failures="1">
  <properties>
[...]
</properties>
  <testcase name="runScenario" classname="com.bank.runner.CucumberTestRunner" time="13.299">
    <failure message="Element not found {By.xpath: //*[contains(@class, &apos;top-logo&apos;)]//imgg}&#10;Expected: visible&#10;Screenshot: file:/C:/Old_C/JavaProjects/BankTAF/BankTAF/CustomerPortal/build/reports/tests/1675198504158.0.png&#10;Page source: file:/C:/Old_C/JavaProjects/BankTAF/BankTAF/CustomerPortal/build/reports/tests/1675198504158.0.html&#10;Timeout: 2 s.&#10;Caused by: NoSuchElementException: no such element: Unable to locate element: {&quot;method&quot;:&quot;xpath&quot;,&quot;selector&quot;:&quot;//*[contains(@class, &apos;top-logo&apos;)]//imgg&quot;}" type="com.codeborne.selenide.ex.ElementNotFound">com.codeborne.selenide.ex.ElementNotFound: 
Element not found {By.xpath: //*[contains(@class, 'top-logo')]//imgg}
Expected: visible
Screenshot: file:/C:/Old_C/JavaProjects/BankTAF/BankTAF/CustomerPortal/build/reports/tests/1675198504158.0.png
Page source: file:/C:/Old_C/JavaProjects/BankTAF/BankTAF/CustomerPortal/build/reports/tests/1675198504158.0.html
Timeout: 2 s.
Caused by: NoSuchElementException: no such element: Unable to locate element: {"method":"xpath","selector":"//*[contains(@class, 'top-logo')]//imgg"}
Caused by: org.openqa.selenium.NoSuchElementException: 
no such element: Unable to locate element: {"method":"xpath","selector":"//*[contains(@class, 'top-logo')]//imgg"}
  (Session info: chrome=109.0.5414.120)
For documentation on this error, please visit: https://selenium.dev/exceptions/#no_such_element
Build info: version: '4.1.4', revision: '535d840ee2'
System info: host: 'EPPLWROW02C2', ip: '192.168.0.122', os.name: 'Windows 10', os.arch: 'amd64', os.version: '10.0', java.version: '18.0.2.1'
Driver info: org.openqa.selenium.chrome.ChromeDriver
Command: [8f8551917b7314d1a3018000b24358ae, findElement {using=xpath, value=//*[contains(@class, 'top-logo')]//imgg}]
Capabilities {acceptInsecureCerts: true, browserName: chrome, browserVersion: 109.0.5414.120, chrome: {chromedriverVersion: 109.0.5414.74 (e7c5703604da..., userDataDir: C:\Users\TATSIA~1\AppData\L...}, goog:chromeOptions: {debuggerAddress: localhost:60939}, javascriptEnabled: true, networkConnectionEnabled: false, pageLoadStrategy: normal, platform: WINDOWS, platformName: WINDOWS, proxy: Proxy(), se:cdp: ws://localhost:60939/devtoo..., se:cdpVersion: 109.0.5414.120, setWindowRect: true, strictFileInteractability: false, timeouts: {implicit: 0, pageLoad: 300000, script: 30000}, unhandledPromptBehavior: accept, webauthn:extension:credBlob: true, webauthn:extension:largeBlob: true, webauthn:virtualAuthenticators: true}
Session ID: 8f8551917b7314d1a3018000b24358ae
</failure>
    <system-out><![CDATA[[                          main] ingBootTestContextBootstrapper INFO  Neither @ContextConfiguration nor @ContextHierarchy found for test class [com.bank.steps.HomePageSteps], using SpringBootContextLoader
[                          main] AbstractContextLoader          INFO  Could not detect default resource locations for test class [com.bank.steps.HomePageSteps]: no resource found for suffixes {-context.xml, Context.groovy}.
[                          main] ingBootTestContextBootstrapper INFO  Loaded default TestExecutionListener class names from location [META-INF/spring.factories]: [org.springframework.boot.test.mock.mockito.MockitoTestExecutionListener, org.springframework.boot.test.mock.mockito.ResetMocksTestExecutionListener, org.springframework.boot.test.autoconfigure.restdocs.RestDocsTestExecutionListener, org.springframework.boot.test.autoconfigure.web.client.MockRestServiceServerResetTestExecutionListener, org.springframework.boot.test.autoconfigure.web.servlet.MockMvcPrintOnlyOnFailureTestExecutionListener, org.springframework.boot.test.autoconfigure.web.servlet.WebDriverTestExecutionListener, org.springframework.boot.test.autoconfigure.webservices.client.MockWebServiceServerTestExecutionListener, org.springframework.test.context.web.ServletTestExecutionListener, org.springframework.test.context.support.DirtiesContextBeforeModesTestExecutionListener, org.springframework.test.context.event.ApplicationEventsTestExecutionListener, org.springframework.test.context.support.DependencyInjectionTestExecutionListener, org.springframework.test.context.support.DirtiesContextTestExecutionListener, org.springframework.test.context.transaction.TransactionalTestExecutionListener, org.springframework.test.context.jdbc.SqlScriptsTestExecutionListener, org.springframework.test.context.event.EventPublishingTestExecutionListener]
[                          main] ingBootTestContextBootstrapper INFO  Using TestExecutionListeners: [org.springframework.test.context.support.DirtiesContextBeforeModesTestExecutionListener@5ea4300e, org.springframework.test.context.event.ApplicationEventsTestExecutionListener@5a1c3cb4, org.springframework.boot.test.mock.mockito.MockitoTestExecutionListener@76ad6715, org.springframework.boot.test.autoconfigure.SpringBootDependencyInjectionTestExecutionListener@56637cff, org.springframework.test.context.support.DirtiesContextTestExecutionListener@2938127d, org.springframework.test.context.event.EventPublishingTestExecutionListener@127a7272, org.springframework.boot.test.mock.mockito.ResetMocksTestExecutionListener@ff23ae7, org.springframework.boot.test.autoconfigure.restdocs.RestDocsTestExecutionListener@423b2b62, org.springframework.boot.test.autoconfigure.web.client.MockRestServiceServerResetTestExecutionListener@2b7962a2, org.springframework.boot.test.autoconfigure.web.servlet.MockMvcPrintOnlyOnFailureTestExecutionListener@6ad16c5d, org.springframework.boot.test.autoconfigure.web.servlet.WebDriverTestExecutionListener@74ea46e2, org.springframework.boot.test.autoconfigure.webservices.client.MockWebServiceServerTestExecutionListener@6f911326]

  .   ____          _            __ _ _
 /\\ / ___'_ __ _ _(_)_ __  __ _ \ \ \ \
( ( )\___ | '_ | '_| | '_ \/ _` | \ \ \ \
 \\/  ___)| |_)| | | | | || (_| |  ) ) ) )
  '  |____| .__|_| |_|_| |_\__, | / / / /
 =========|_|==============|___/=/_/_/_/
 :: Spring Boot ::                (v2.7.4)

[                          main] HomePageSteps                  INFO  Starting HomePageSteps using Java 18.0.2.1 on EPPLWROW02C2 with PID 16312 (C:\Users\Tatsiana_Zhdanko\AppData\Local\Temp\surefire4565635237169792417\..\..\..\..\..\..\Old_C\JavaProjects\BankTAF\BankTAF\CustomerPortal\target\test-classes started by Tatsiana_Zhdanko in C:\Old_C\JavaProjects\BankTAF\BankTAF\CustomerPortal)
[                          main] HomePageSteps                  INFO  No active profile set, falling back to 1 default profile: "default"
[                          main] HomePageSteps                  INFO  Started HomePageSteps in 0.436 seconds (JVM running for 2.347)

@now
Scenario: Docs sections should contains appropriate columns # com/bank/tests/features/HomePage.feature:9
[                          main] DriverHooks                    INFO  before driver init
[                          main] DriverManager                  INFO  initiating the driver
[                          main] WebDriverThreadLocalContainer  INFO  No webdriver is bound to current thread: 1 - let's create a new webdriver
[                          main] FileHelper                     INFO  Creating folder: C:\Old_C\JavaProjects\BankTAF\BankTAF\CustomerPortal\build\downloads\1675198494784_16312_1
[                          main] WebDriverManager               INFO  Using chromedriver 109.0.5414.74 (resolved driver for Chrome 109)
[                          main] WebDriverManager               INFO  Exporting webdriver.chrome.driver as C:\Users\Tatsiana_Zhdanko\.cache\selenium\chromedriver\win32\109.0.5414.74\chromedriver.exe
[                          main] SelenideNettyClientFactory     INFO  Changed readTimeout from PT3M to PT1M30S
[sion on session null to remote] ProtocolHandshake              INFO  Detected dialect: W3C
[                          main] SelenideNettyClientFactory     INFO  Changed readTimeout from PT3M to PT1M30S
[                          main] SelenideNettyClientFactory     INFO  Changed readTimeout from PT3M to PT1M30S
[                          main] CdpVersionFinder               WARN  Unable to find an exact match for CDP version 109, so returning the closest version found: a no-op implementation
[                          main] CdpVersionFinder               INFO  Unable to find CDP implementation matching 109.
[                          main] ChromiumDriver                 WARN  Unable to find version of CDP to use for . You may need to include a dependency on a specific version of the CDP using something similar to `org.seleniumhq.selenium:selenium-devtools-v86:4.1.4` where the version ("v86") matches the version of the chromium-based browser you're using and the version number of the artifact is the same as Selenium's.
[                          main] BrowserResizer                 INFO  Set browser size to 1366x768
[                          main] WebDriverFactory               INFO  BrowserName=chrome Version=109.0.5414.120 Platform=WINDOWS
[                          main] WebDriverFactory               INFO  Selenide v. 6.7.2
[                          main] WebDriverFactory               INFO  Selenium WebDriver v. 4.1.4 build revision: 535d840ee2
[                          main] CreateDriverCommand            INFO  Created webdriver in thread 1: ChromeDriver -> ChromeDriver: chrome on WINDOWS (8f8551917b7314d1a3018000b24358ae)
[                          main] DisposablesRegistry            INFO  Register WebDriverInstance[config=com.codeborne.selenide.impl.StaticConfig@5edd9b4f,webDriver=ChromeDriver: chrome on WINDOWS (8f8551917b7314d1a3018000b24358ae),proxy=null,downloadsFolder=C:\Old_C\JavaProjects\BankTAF\BankTAF\CustomerPortal\build\downloads\1675198494784_16312_1] in 1 [size=1]
[                          main] DisposablesRegistry            INFO  Add shutdown hook in 1 [size=1]
  Given the user navigated to Onliner home page             # com.bank.steps.HomePageSteps.userNavigatedToOnlinerHomePage()
  When the user clicks on Onliner logo                      # com.bank.steps.HomePageSteps.userClicksOnOnlinerLogo()
      Element not found {By.xpath: //*[contains(@class, 'top-logo')]//imgg}
Expected: visible
Screenshot: file:/C:/Old_C/JavaProjects/BankTAF/BankTAF/CustomerPortal/build/reports/tests/1675198504158.0.png
Page source: file:/C:/Old_C/JavaProjects/BankTAF/BankTAF/CustomerPortal/build/reports/tests/1675198504158.0.html
Timeout: 2 s.
Caused by: NoSuchElementException: no such element: Unable to locate element: {"method":"xpath","selector":"//*[contains(@class, 'top-logo')]//imgg"}
	at com.codeborne.selenide.impl.WebElementSource.createElementNotFoundError(WebElementSource.java:87)
	at com.codeborne.selenide.impl.ElementFinder.createElementNotFoundError(ElementFinder.java:122)
	at com.codeborne.selenide.impl.WebElementSource.checkConditionAndReturnElement(WebElementSource.java:129)
	at com.codeborne.selenide.impl.WebElementSource.checkCondition(WebElementSource.java:98)
	at com.codeborne.selenide.commands.Should.execute(Should.java:30)
	at com.codeborne.selenide.commands.Should.execute(Should.java:14)
	at com.codeborne.selenide.commands.Commands.execute(Commands.java:155)
	at com.codeborne.selenide.impl.SelenideElementProxy.dispatchAndRetry(SelenideElementProxy.java:129)
	at com.codeborne.selenide.impl.SelenideElementProxy.invoke(SelenideElementProxy.java:81)
	at jdk.proxy2/jdk.proxy2.$Proxy51.shouldBe(Unknown Source)
	at com.bank.page_object.HomePage.clickOnOnlinerLogo(HomePage.java:21)
	at com.bank.steps.HomePageSteps.userClicksOnOnlinerLogo(HomePageSteps.java:29)
	at ✽.the user clicks on Onliner logo(classpath:com/bank/tests/features/HomePage.feature:10)
Caused by: org.openqa.selenium.NoSuchElementException: no such element: Unable to locate element: {"method":"xpath","selector":"//*[contains(@class, 'top-logo')]//imgg"}
  (Session info: chrome=109.0.5414.120)
For documentation on this error, please visit: https://selenium.dev/exceptions/#no_such_element
Build info: version: '4.1.4', revision: '535d840ee2'
System info: host: 'EPPLWROW02C2', ip: '192.168.0.122', os.name: 'Windows 10', os.arch: 'amd64', os.version: '10.0', java.version: '18.0.2.1'
Driver info: org.openqa.selenium.chrome.ChromeDriver
Command: [8f8551917b7314d1a3018000b24358ae, findElement {using=xpath, value=//*[contains(@class, 'top-logo')]//imgg}]
Capabilities {acceptInsecureCerts: true, browserName: chrome, browserVersion: 109.0.5414.120, chrome: {chromedriverVersion: 109.0.5414.74 (e7c5703604da..., userDataDir: C:\Users\TATSIA~1\AppData\L...}, goog:chromeOptions: {debuggerAddress: localhost:60939}, javascriptEnabled: true, networkConnectionEnabled: false, pageLoadStrategy: normal, platform: WINDOWS, platformName: WINDOWS, proxy: Proxy(), se:cdp: ws://localhost:60939/devtoo..., se:cdpVersion: 109.0.5414.120, setWindowRect: true, strictFileInteractability: false, timeouts: {implicit: 0, pageLoad: 300000, script: 30000}, unhandledPromptBehavior: accept, webauthn:extension:credBlob: true, webauthn:extension:largeBlob: true, webauthn:virtualAuthenticators: true}
Session ID: 8f8551917b7314d1a3018000b24358ae
	at java.base/jdk.internal.reflect.DirectConstructorHandleAccessor.newInstance(DirectConstructorHandleAccessor.java:67)
	at java.base/java.lang.reflect.Constructor.newInstanceWithCaller(Constructor.java:499)
	at java.base/java.lang.reflect.Constructor.newInstance(Constructor.java:483)
	at org.openqa.selenium.remote.codec.w3c.W3CHttpResponseCodec.createException(W3CHttpResponseCodec.java:200)
	at org.openqa.selenium.remote.codec.w3c.W3CHttpResponseCodec.decode(W3CHttpResponseCodec.java:133)
	at org.openqa.selenium.remote.codec.w3c.W3CHttpResponseCodec.decode(W3CHttpResponseCodec.java:53)
	at org.openqa.selenium.remote.HttpCommandExecutor.execute(HttpCommandExecutor.java:184)
	at org.openqa.selenium.remote.service.DriverCommandExecutor.invokeExecute(DriverCommandExecutor.java:167)
	at org.openqa.selenium.remote.service.DriverCommandExecutor.execute(DriverCommandExecutor.java:142)
	at org.openqa.selenium.remote.RemoteWebDriver.execute(RemoteWebDriver.java:567)
	at org.openqa.selenium.remote.ElementLocation$ElementFinder$2.findElement(ElementLocation.java:162)
	at org.openqa.selenium.remote.ElementLocation.findElement(ElementLocation.java:60)
	at org.openqa.selenium.remote.RemoteWebDriver.findElement(RemoteWebDriver.java:385)
	at org.openqa.selenium.remote.RemoteWebDriver.findElement(RemoteWebDriver.java:377)
	at com.codeborne.selenide.impl.WebElementSelector.findElement(WebElementSelector.java:70)
	at com.codeborne.selenide.impl.WebElementSelector.findElement(WebElementSelector.java:44)
	at com.codeborne.selenide.impl.WebElementSelector.findElement(WebElementSelector.java:33)
	at com.codeborne.selenide.impl.ElementFinder.getWebElement(ElementFinder.java:102)
	at com.codeborne.selenide.impl.WebElementSource.checkConditionAndReturnElement(WebElementSource.java:110)
	at com.codeborne.selenide.impl.WebElementSource.checkCondition(WebElementSource.java:98)
	at com.codeborne.selenide.commands.Should.execute(Should.java:30)
	at com.codeborne.selenide.commands.Should.execute(Should.java:14)
	at com.codeborne.selenide.commands.Commands.execute(Commands.java:155)
	at com.codeborne.selenide.impl.SelenideElementProxy.dispatchAndRetry(SelenideElementProxy.java:129)
	at com.codeborne.selenide.impl.SelenideElementProxy.invoke(SelenideElementProxy.java:81)
	at jdk.proxy2/jdk.proxy2.$Proxy51.shouldBe(Unknown Source)
	at com.bank.page_object.HomePage.clickOnOnlinerLogo(HomePage.java:21)
	at com.bank.steps.HomePageSteps.userClicksOnOnlinerLogo(HomePageSteps.java:29)
	at java.base/jdk.internal.reflect.DirectMethodHandleAccessor.invoke(DirectMethodHandleAccessor.java:104)
	at java.base/java.lang.reflect.Method.invoke(Method.java:577)
	at io.cucumber.java.Invoker.doInvoke(Invoker.java:66)
	at io.cucumber.java.Invoker.invoke(Invoker.java:24)
	at io.cucumber.java.AbstractGlueDefinition.invokeMethod(AbstractGlueDefinition.java:47)
	at io.cucumber.java.JavaStepDefinition.execute(JavaStepDefinition.java:29)
	at io.cucumber.core.runner.CoreStepDefinition.execute(CoreStepDefinition.java:66)
	at io.cucumber.core.runner.PickleStepDefinitionMatch.runStep(PickleStepDefinitionMatch.java:63)
	at io.cucumber.core.runner.ExecutionMode$1.execute(ExecutionMode.java:10)
	at io.cucumber.core.runner.TestStep.executeStep(TestStep.java:85)
	at io.cucumber.core.runner.TestStep.run(TestStep.java:57)
	at io.cucumber.core.runner.PickleStepTestStep.run(PickleStepTestStep.java:51)
	at io.cucumber.core.runner.TestCase.run(TestCase.java:84)
	at io.cucumber.core.runner.Runner.runPickle(Runner.java:75)
	at io.cucumber.testng.TestNGCucumberRunner.lambda$runScenario$1(TestNGCucumberRunner.java:132)
	at io.cucumber.core.runtime.CucumberExecutionContext.lambda$runTestCase$5(CucumberExecutionContext.java:129)
	at io.cucumber.core.runtime.RethrowingThrowableCollector.executeAndThrow(RethrowingThrowableCollector.java:23)
	at io.cucumber.core.runtime.CucumberExecutionContext.runTestCase(CucumberExecutionContext.java:129)
	at io.cucumber.testng.TestNGCucumberRunner.runScenario(TestNGCucumberRunner.java:129)
	at io.cucumber.testng.AbstractTestNGCucumberTests.runScenario(AbstractTestNGCucumberTests.java:35)
	at java.base/jdk.internal.reflect.DirectMethodHandleAccessor.invoke(DirectMethodHandleAccessor.java:104)
	at java.base/java.lang.reflect.Method.invoke(Method.java:577)
	at org.testng.internal.invokers.MethodInvocationHelper.invokeMethod(MethodInvocationHelper.java:139)
	at org.testng.internal.invokers.TestInvoker.invokeMethod(TestInvoker.java:677)
	at org.testng.internal.invokers.TestInvoker.invokeTestMethod(TestInvoker.java:221)
	at org.testng.internal.invokers.MethodRunner.runInSequence(MethodRunner.java:50)
	at org.testng.internal.invokers.TestInvoker$MethodInvocationAgent.invoke(TestInvoker.java:962)
	at org.testng.internal.invokers.TestInvoker.invokeTestMethods(TestInvoker.java:194)
	at org.testng.internal.invokers.TestMethodWorker.invokeTestMethods(TestMethodWorker.java:148)
	at org.testng.internal.invokers.TestMethodWorker.run(TestMethodWorker.java:128)
	at java.base/java.util.ArrayList.forEach(ArrayList.java:1511)
	at org.testng.TestRunner.privateRun(TestRunner.java:806)
	at org.testng.TestRunner.run(TestRunner.java:601)
	at org.testng.SuiteRunner.runTest(SuiteRunner.java:433)
	at org.testng.SuiteRunner.runSequentially(SuiteRunner.java:427)
	at org.testng.SuiteRunner.privateRun(SuiteRunner.java:387)
	at org.testng.SuiteRunner.run(SuiteRunner.java:330)
	at org.testng.SuiteRunnerWorker.runSuite(SuiteRunnerWorker.java:52)
	at org.testng.SuiteRunnerWorker.run(SuiteRunnerWorker.java:95)
	at org.testng.TestNG.runSuitesSequentially(TestNG.java:1256)
	at org.testng.TestNG.runSuitesLocally(TestNG.java:1176)
	at org.testng.TestNG.runSuites(TestNG.java:1099)
	at org.testng.TestNG.run(TestNG.java:1067)
	at org.apache.maven.surefire.testng.TestNGExecutor.run(TestNGExecutor.java:135)
	at org.apache.maven.surefire.testng.TestNGDirectoryTestSuite.executeSingleClass(TestNGDirectoryTestSuite.java:112)
	at org.apache.maven.surefire.testng.TestNGDirectoryTestSuite.execute(TestNGDirectoryTestSuite.java:99)
	at org.apache.maven.surefire.testng.TestNGProvider.invoke(TestNGProvider.java:146)
	at org.apache.maven.surefire.booter.ForkedBooter.invokeProviderInSameClassLoader(ForkedBooter.java:384)
	at org.apache.maven.surefire.booter.ForkedBooter.runSuitesInProcess(ForkedBooter.java:345)
	at org.apache.maven.surefire.booter.ForkedBooter.execute(ForkedBooter.java:126)
	at org.apache.maven.surefire.booter.ForkedBooter.main(ForkedBooter.java:418)

  Then the user navigates to onliner home page              # com.bank.steps.HomePageSteps.userNavigatesToOnlinerHomePage()

    Embedding Screenshot is created for scenario: Docs sections should contains appropriate columns. 
Failure date time: 2023-01-31T21:55:06.675422600 [image/png 1448539 bytes]

]]></system-out>
    <system-err><![CDATA[Starting ChromeDriver 109.0.5414.74 (e7c5703604daa9cc128ccf5a5d3e993513758913-refs/branch-heads/5414@{#1172}) on port 65176
Only local connections are allowed.
Please see https://chromedriver.chromium.org/security-considerations for suggestions on keeping ChromeDriver safe.
ChromeDriver was started successfully.
]]></system-err>
  </testcase>
</testsuite>